2025-07-03 10:37:18,151 - INFO - 2 benefícios listados com sucesso.
2025-07-03 10:39:03,705 - INFO - Benefício ID 6865ee60bd50b9f036626c4d atualizado com sucesso.
2025-07-03 10:39:17,152 - INFO - 2 benefícios listados com sucesso.
2025-07-03 10:40:02,021 - INFO - Benefício ID 6865eeb8bd50b9f036626c4e atualizado com sucesso.
2025-07-03 10:40:33,220 - INFO - Benefício criado com sucesso: {'_id': '68668851e7e866f1461c4510', 'name': 'Vale Refeição Plus', 'description': 'Aceito em ampla rede de restaurantes e lanchonetes.', 'value': 600.0, 'type': 'vale-refeição', 'active': True}
2025-07-03 10:40:41,582 - INFO - Benefício criado com sucesso: {'_id': '68668859e7e866f1461c4511', 'name': 'Auxílio Home Office', 'description': 'Ajuda de custo para energia, internet e estrutura remota.', 'value': 200.0, 'type': 'ajuda de custo', 'active': True}
2025-07-03 10:40:46,909 - INFO - Benefício criado com sucesso: {'_id': '6866885ee7e866f1461c4512', 'name': 'Plano Odontológico Brilho Sorriso', 'description': 'Cobertura odontológica completa com rede nacional.', 'value': 75.0, 'type': 'benefício odontológico', 'active': True}
2025-07-03 10:40:54,944 - INFO - Benefício criado com sucesso: {'_id': '68668866e7e866f1461c4513', 'name': 'Vale Transporte SP', 'description': 'Cobertura de transporte público metropolitano.', 'value': 160.0, 'type': 'vale-transporte', 'active': False}
2025-07-03 10:41:02,753 - INFO - 6 benefícios listados com sucesso.
2025-07-03 10:41:29,269 - INFO - Benefício recuperado com sucesso: {'_id': '6865eeb8bd50b9f036626c4e', 'name': 'Vale-Transporte Mensal', 'description': 'Valor creditado mensalmente para transporte público urbano.', 'value': 150.0, 'type': 'benefício transporte', 'active': True}
2025-07-03 10:41:38,220 - INFO - Benefício ID 6865eeb8bd50b9f036626c4e deletado com sucesso.
2025-07-03 10:45:34,245 - WARNING - ID inválido fornecido: count
2025-07-03 10:54:52,371 - INFO - 4 funcionários encontrados.
2025-07-03 10:55:23,890 - WARNING - ID inválido fornecido: get_by_admission_date
2025-07-03 10:56:17,047 - WARNING - ID inválido fornecido: get_by_admission_date
2025-07-03 10:56:45,817 - WARNING - ID inválido fornecido: get_by_admission_date
2025-07-03 10:56:57,381 - INFO - 1 funcionários encontrados com data de admissão: 2022-11-10
2025-07-03 10:58:52,582 - INFO - 4 funcionários encontrados.
2025-07-03 11:01:54,492 - INFO - 5 benefícios listados com sucesso.
2025-07-03 11:02:14,875 - INFO - 2 benefícios encontrados com o nome: Plano
2025-07-03 11:07:21,753 - INFO - 5 benefícios listados com sucesso.
2025-07-03 11:11:02,612 - INFO - 4 funcionários encontrados.
2025-07-03 11:11:58,099 - INFO - Departamento criado com sucesso: {'_id': '68668fae1192f220ab2f0621', 'name': 'Departamento de Tecnologia', 'location': 'São Paulo - SP', 'description': 'Responsável por desenvolvimento, design e gerenciamento de sistemas.', 'extension': '3101', 'employee_ids': ['6865d09641668dc65b36dc64', '6865d0b341668dc65b36dc65', '6865d0ba41668dc65b36dc66', '6865d0c741668dc65b36dc67'], 'manager_id': '6865d0ba41668dc65b36dc66'}
2025-07-03 11:12:10,366 - INFO - 4 departamentos encontrados
2025-07-03 11:12:51,078 - INFO - 5 benefícios listados com sucesso.
2025-07-03 11:13:30,537 - INFO - Funcionário criado com sucesso: {'_id': '6866900a1192f220ab2f0622', 'name': 'Amanda Ribeiro', 'cpf': '111.111.111-11', 'position': 'Analista de Sistemas', 'admission_date': datetime.datetime(2023, 1, 10, 9, 0), 'department_id': 'departamento_id_exemplo', 'pay_rool_id': 'folha_id_exemplo', 'benefits_id': ['6865ee60bd50b9f036626c4d', '68668851e7e866f1461c4510']}
2025-07-03 11:13:47,510 - INFO - Funcionário criado com sucesso: {'_id': '6866901b1192f220ab2f0623', 'name': 'Bruno Almeida', 'cpf': '222.222.222-22', 'position': 'Engenheiro de Software', 'admission_date': datetime.datetime(2022, 5, 23, 10, 30), 'department_id': 'departamento_id_exemplo', 'pay_rool_id': 'folha_id_exemplo', 'benefits_id': ['68668859e7e866f1461c4511', '6865ee60bd50b9f036626c4d']}
2025-07-03 11:14:01,992 - INFO - Funcionário criado com sucesso: {'_id': '686690291192f220ab2f0624', 'name': 'Carla Souza', 'cpf': '333.333.333-33', 'position': 'Designer UX', 'admission_date': datetime.datetime(2024, 3, 5, 11, 15), 'department_id': 'departamento_id_exemplo', 'pay_rool_id': 'folha_id_exemplo', 'benefits_id': ['6866885ee7e866f1461c4512']}
2025-07-03 11:14:20,602 - INFO - Funcionário criado com sucesso: {'_id': '6866903c1192f220ab2f0625', 'name': 'Daniel Oliveira', 'cpf': '444.444.444-44', 'position': 'Product Owner', 'admission_date': datetime.datetime(2021, 7, 18, 8, 45), 'department_id': 'departamento_id_exemplo', 'pay_rool_id': 'folha_id_exemplo', 'benefits_id': ['68668851e7e866f1461c4510', '68668866e7e866f1461c4513']}
2025-07-03 11:14:33,463 - INFO - Funcionário criado com sucesso: {'_id': '686690491192f220ab2f0626', 'name': 'Eduarda Martins', 'cpf': '555.555.555-55', 'position': 'Analista de Dados', 'admission_date': datetime.datetime(2023, 9, 12, 14, 0), 'department_id': 'departamento_id_exemplo', 'pay_rool_id': 'folha_id_exemplo', 'benefits_id': ['6866885ee7e866f1461c4512', '68668859e7e866f1461c4511']}
2025-07-03 11:14:43,390 - INFO - Funcionário criado com sucesso: {'_id': '686690531192f220ab2f0627', 'name': 'Felipe Castro', 'cpf': '666.666.666-66', 'position': 'Scrum Master', 'admission_date': datetime.datetime(2022, 12, 1, 13, 0), 'department_id': 'departamento_id_exemplo', 'pay_rool_id': 'folha_id_exemplo', 'benefits_id': ['6865ee60bd50b9f036626c4d']}
2025-07-03 11:14:55,771 - INFO - Funcionário criado com sucesso: {'_id': '6866905f1192f220ab2f0628', 'name': 'Giovana Lima', 'cpf': '777.777.777-77', 'position': 'QA Engineer', 'admission_date': datetime.datetime(2024, 4, 8, 9, 30), 'department_id': 'departamento_id_exemplo', 'pay_rool_id': 'folha_id_exemplo', 'benefits_id': ['68668851e7e866f1461c4510', '68668859e7e866f1461c4511', '6866885ee7e866f1461c4512']}
2025-07-03 11:15:06,816 - INFO - Funcionário criado com sucesso: {'_id': '6866906a1192f220ab2f0629', 'name': 'Henrique Barros', 'cpf': '888.888.888-88', 'position': 'DevOps Engineer', 'admission_date': datetime.datetime(2023, 2, 28, 15, 20), 'department_id': 'departamento_id_exemplo', 'pay_rool_id': 'folha_id_exemplo', 'benefits_id': ['6865ee60bd50b9f036626c4d', '68668866e7e866f1461c4513']}
2025-07-03 11:15:20,426 - INFO - Funcionário criado com sucesso: {'_id': '686690781192f220ab2f062a', 'name': 'Isabela Ferreira', 'cpf': '999.999.999-99', 'position': 'Gerente de Produto', 'admission_date': datetime.datetime(2020, 6, 16, 10, 0), 'department_id': 'departamento_id_exemplo', 'pay_rool_id': 'folha_id_exemplo', 'benefits_id': ['68668859e7e866f1461c4511', '6866885ee7e866f1461c4512']}
2025-07-03 11:15:27,426 - INFO - Funcionário criado com sucesso: {'_id': '6866907f1192f220ab2f062b', 'name': 'José Carlos Mendes', 'cpf': '000.000.000-00', 'position': 'Especialista em Segurança', 'admission_date': datetime.datetime(2019, 10, 5, 16, 40), 'department_id': 'departamento_id_exemplo', 'pay_rool_id': 'folha_id_exemplo', 'benefits_id': ['68668866e7e866f1461c4513']}
2025-07-03 13:19:43,355 - INFO - 14 funcionários encontrados.
2025-07-03 13:20:04,418 - INFO - 4 departamentos encontrados
2025-07-03 13:22:08,253 - INFO - Departamento ID 6865767ea1d6f1cf3c0271de atualizado com sucesso
2025-07-03 13:22:19,361 - INFO - 4 departamentos encontrados
2025-07-03 13:23:01,805 - INFO - Departamento ID 6865cde95f3f0c2fc733bfe2 atualizado com sucesso
2025-07-03 13:23:29,124 - INFO - Departamento ID 6865f15dc775a1942e0dc0cc atualizado com sucesso
2025-07-03 13:23:39,201 - INFO - 4 departamentos encontrados
2025-07-03 13:24:10,863 - INFO - Departamento criado com sucesso: {'_id': '6866aeaaebcc4ca5550726d4', 'name': 'Recursos Humanos', 'location': 'Belo Horizonte - MG', 'description': 'Responsável pela gestão de pessoas, recrutamento e desenvolvimento organizacional.', 'extension': '4101', 'employee_ids': ['6865d0b341668dc65b36dc65', '6865d09641668dc65b36dc64'], 'manager_id': '6865d0ba41668dc65b36dc66'}
2025-07-03 13:24:22,092 - INFO - Departamento criado com sucesso: {'_id': '6866aeb6ebcc4ca5550726d5', 'name': 'Marketing', 'location': 'São Paulo - SP', 'description': 'Criação de campanhas, branding e posicionamento no mercado.', 'extension': '4202', 'employee_ids': ['6865d0c741668dc65b36dc67'], 'manager_id': '6865d0c741668dc65b36dc67'}
2025-07-03 13:24:31,110 - INFO - Departamento criado com sucesso: {'_id': '6866aebfebcc4ca5550726d6', 'name': 'Financeiro', 'location': 'Curitiba - PR', 'description': 'Responsável pelo controle orçamentário, pagamentos e relatórios financeiros.', 'extension': '4404', 'employee_ids': ['6865d09641668dc65b36dc64', '6865d0b341668dc65b36dc65'], 'manager_id': '6865d0ba41668dc65b36dc66'}
2025-07-03 13:24:38,905 - INFO - Departamento criado com sucesso: {'_id': '6866aec6ebcc4ca5550726d7', 'name': 'Atendimento ao Cliente', 'location': 'Fortaleza - CE', 'description': 'Suporte ao cliente, SAC e resolução de problemas.', 'extension': '4505', 'employee_ids': [], 'manager_id': '6865d0c741668dc65b36dc67'}
2025-07-03 13:52:17,630 - INFO - 5 departamentos encontrados
2025-07-03 13:52:36,020 - INFO - 3 departamentos encontrados
2025-07-03 14:07:54,700 - INFO - 3 funcionários encontrados
2025-07-03 14:10:08,540 - INFO - 2 benefícios listados com sucesso.
2025-07-03 15:00:09,035 - INFO - 8 departamentos encontrados
2025-07-03 15:01:47,479 - WARNING - Departamento ID 6865d09641668dc65b36dc64 não encontrado
2025-07-03 15:01:47,480 - ERROR - Erro ao buscar departamento ID 6865d09641668dc65b36dc64
Traceback (most recent call last):
  File "C:\Users\fpaul\Documents\GitHub\Persistencia-TP3\app\routers\DepartmentRouter.py", line 64, in get_department
    raise HTTPException(status_code=404, detail="Departamento não encontrado")
fastapi.exceptions.HTTPException: 404: Departamento não encontrado
2025-07-03 15:02:18,708 - WARNING - Funcionário com ID 6865d09641668dc65b36dc64 não encontrado.
2025-07-03 15:02:54,139 - WARNING - Funcionário com ID 6865d09641668dc65b36dc64 não encontrado.
2025-07-03 15:03:06,315 - INFO - 10 funcionários encontrados
2025-07-03 15:03:22,372 - INFO - 5 benefícios listados com sucesso.
2025-07-03 15:03:59,145 - INFO - 0 funcionários encontrados com departamento 6865767ea1d6f1cf3c0271de e benefício 68668866e7e866f1461c4513
2025-07-03 15:04:21,830 - INFO - 0 funcionários encontrados com departamento 6865767ea1d6f1cf3c0271de e benefício 6866885ee7e866f1461c4512
2025-07-03 15:04:38,853 - INFO - 0 funcionários encontrados com departamento 6865767ea1d6f1cf3c0271de e benefício 68668859e7e866f1461c4511
2025-07-03 15:05:04,894 - INFO - 0 funcionários encontrados com departamento 6865767ea1d6f1cf3c0271de e benefício 68668851e7e866f1461c4510
2025-07-03 15:07:09,658 - INFO - 8 departamentos encontrados
2025-07-03 15:07:29,124 - WARNING - Departamento ID 6865d0ba41668dc65b36dc66 não encontrado
2025-07-03 15:07:29,125 - ERROR - Erro ao buscar departamento ID 6865d0ba41668dc65b36dc66
Traceback (most recent call last):
  File "C:\Users\fpaul\Documents\GitHub\Persistencia-TP3\app\routers\DepartmentRouter.py", line 64, in get_department
    raise HTTPException(status_code=404, detail="Departamento não encontrado")
fastapi.exceptions.HTTPException: 404: Departamento não encontrado
2025-07-03 15:08:29,000 - INFO - 10 funcionários encontrados
2025-07-03 15:09:50,913 - WARNING - Funcionário com ID 6865d09641668dc65b36dc64 não encontrado.
2025-07-03 15:10:08,563 - INFO - Funcionário recuperado com sucesso: {'_id': '686690531192f220ab2f0627', 'name': 'Felipe Castro', 'cpf': '666.666.666-66', 'position': 'Scrum Master', 'admission_date': datetime.datetime(2022, 12, 1, 13, 0), 'department_id': 'departamento_id_exemplo', 'pay_rool_id': 'folha_id_exemplo', 'benefits_id': ['6865ee60bd50b9f036626c4d']}
2025-07-03 15:10:48,738 - INFO - 0 departamentos encontrados com funcionário ID 686690531192f220ab2f0627
2025-07-03 15:11:06,571 - INFO - 10 funcionários encontrados
2025-07-03 15:11:22,230 - INFO - 8 departamentos encontrados
2025-07-03 15:11:59,214 - INFO - 0 funcionários encontrados com departamento 6866aec6ebcc4ca5550726d7 e benefício 68668851e7e866f1461c4510
2025-07-03 15:12:08,320 - INFO - 5 benefícios listados com sucesso.
2025-07-03 15:12:24,349 - INFO - 0 funcionários encontrados com departamento 6866aec6ebcc4ca5550726d7 e benefício 68668866e7e866f1461c4513
2025-07-03 15:12:28,690 - INFO - 0 funcionários encontrados com departamento 6866aec6ebcc4ca5550726d7 e benefício 68668866e7e866f1461c4512
2025-07-03 15:12:33,558 - INFO - 0 funcionários encontrados com departamento 6866aec6ebcc4ca5550726d7 e benefício 68668866e7e866f1461c4511
2025-07-03 15:14:14,452 - INFO - Benefício recuperado com sucesso: {'_id': '6865ee60bd50b9f036626c4d', 'name': 'Plano de Saúde Premium', 'description': 'Cobertura completa com rede nacional de hospitais e clínicas.', 'value': 350.0, 'type': 'benefício saúde', 'active': True}
2025-07-03 15:16:11,524 - INFO - 10 funcionários encontrados
2025-07-03 15:16:33,997 - INFO - 0 departamentos encontrados com funcionário ID 686690531192f220ab2f0627
2025-07-03 15:17:41,573 - INFO - 10 funcionários encontrados
2025-07-03 15:19:12,633 - INFO - 8 departamentos encontrados
2025-07-03 15:19:35,200 - INFO - Funcionário ID 686690531192f220ab2f0627 atualizado com sucesso.
2025-07-03 15:19:59,224 - INFO - 0 departamentos encontrados com funcionário ID 6866aec6ebcc4ca5550726d7
2025-07-03 15:20:27,166 - INFO - 0 departamentos encontrados com funcionário ID 6865d0b341668dc65b36dc65
2025-07-03 15:24:58,148 - INFO - Benefício criado com sucesso: {'_id': '6866cafacc6d9f994c7507c6', 'name': 'string', 'description': 'string', 'value': 0.0, 'type': 'string', 'active': True}
2025-07-03 15:25:28,767 - INFO - Benefício criado com sucesso: {'_id': '6866cb18cc6d9f994c7507c7', 'name': 'Plano de Saúde Básico', 'description': 'Cobertura de consultas, exames e internações em rede credenciada.', 'value': 300.0, 'type': 'benefício saúde', 'active': True}
2025-07-03 15:26:06,039 - INFO - Benefício criado com sucesso: {'_id': '6866cb3ecc6d9f994c7507c8', 'name': 'Vale Refeição', 'description': 'Crédito diário para alimentação em restaurantes e lanchonetes.', 'value': 22.0, 'type': 'benefício alimentação', 'active': True}
2025-07-03 15:26:12,456 - INFO - Benefício criado com sucesso: {'_id': '6866cb44cc6d9f994c7507c9', 'name': 'Auxílio Home Office', 'description': 'Ajuda de custo mensal para despesas com internet e energia.', 'value': 120.0, 'type': 'benefício remoto', 'active': True}
2025-07-03 15:26:18,691 - INFO - Benefício criado com sucesso: {'_id': '6866cb4acc6d9f994c7507ca', 'name': 'Bolsa de Estudos', 'description': 'Subsídio para cursos de graduação ou pós-graduação.', 'value': 500.0, 'type': 'benefício educação', 'active': False}
2025-07-03 15:26:25,083 - INFO - Benefício criado com sucesso: {'_id': '6866cb51cc6d9f994c7507cb', 'name': 'Bônus de Desempenho Trimestral', 'description': 'Valor variável de acordo com metas atingidas.', 'value': 1000.0, 'type': 'recompensa', 'active': True}
2025-07-03 15:27:11,357 - INFO - Benefício criado com sucesso: {'_id': '6866cb7fcc6d9f994c7507cc', 'name': 'Kit de Higiene para as Mãos', 'description': 'Contém álcool em gel, creme hidratante e sabonete antibacteriano.', 'value': 40.0, 'type': 'benefício saúde', 'active': True}
2025-07-03 15:27:16,216 - INFO - Benefício criado com sucesso: {'_id': '6866cb84cc6d9f994c7507cd', 'name': 'Sessão de Fisioterapia para as Mãos', 'description': 'Sessões semanais para prevenção e tratamento de LER/DORT.', 'value': 80.0, 'type': 'benefício ocupacional', 'active': True}
2025-07-03 15:27:22,366 - INFO - Benefício criado com sucesso: {'_id': '6866cb8acc6d9f994c7507ce', 'name': 'Vale Manicure', 'description': 'Crédito mensal para serviços de manicure e cuidados com as unhas.', 'value': 60.0, 'type': 'benefício estética', 'active': True}
2025-07-03 15:27:29,060 - INFO - Benefício criado com sucesso: {'_id': '6866cb91cc6d9f994c7507cf', 'name': 'Luvas de Proteção', 'description': 'Par de luvas de alta resistência para trabalhos manuais pesados.', 'value': 25.0, 'type': 'equipamento de proteção', 'active': True}
2025-07-03 15:27:37,243 - INFO - 10 benefícios listados com sucesso.
2025-07-03 15:27:54,995 - INFO - Total de benefícios: 10
2025-07-03 15:28:27,337 - INFO - Benefício recuperado com sucesso: {'_id': '6866cafacc6d9f994c7507c6', 'name': 'string', 'description': 'string', 'value': 0.0, 'type': 'string', 'active': True}
2025-07-03 15:28:36,801 - INFO - Benefício recuperado com sucesso: {'_id': '6866cafacc6d9f994c7507c6', 'name': 'string', 'description': 'string', 'value': 0.0, 'type': 'string', 'active': True}
2025-07-03 15:28:54,395 - INFO - Benefício recuperado com sucesso: {'_id': '6866cb18cc6d9f994c7507c7', 'name': 'Plano de Saúde Básico', 'description': 'Cobertura de consultas, exames e internações em rede credenciada.', 'value': 300.0, 'type': 'benefício saúde', 'active': True}
2025-07-03 15:28:55,005 - INFO - Benefício recuperado com sucesso: {'_id': '6866cb18cc6d9f994c7507c7', 'name': 'Plano de Saúde Básico', 'description': 'Cobertura de consultas, exames e internações em rede credenciada.', 'value': 300.0, 'type': 'benefício saúde', 'active': True}
2025-07-03 15:29:12,883 - INFO - Benefício recuperado com sucesso: {'_id': '6866cafacc6d9f994c7507c6', 'name': 'string', 'description': 'string', 'value': 0.0, 'type': 'string', 'active': True}
2025-07-03 15:30:05,512 - INFO - Benefício ID 6866cafacc6d9f994c7507c6 atualizado com sucesso.
2025-07-03 15:30:15,961 - INFO - Benefício ID 6866cafacc6d9f994c7507c6 deletado com sucesso.
2025-07-03 15:31:10,720 - INFO - Departamento criado com sucesso: {'_id': '6866cc6ecc6d9f994c7507d0', 'name': 'Tecnologia da Informação', 'location': 'Bloco A - 2º andar', 'description': 'Responsável pela infraestrutura, sistemas e suporte técnico.', 'extension': 'TI01', 'employee_ids': [], 'manager_id': '66f9d3c445fbc3b04a0d2c9f'}
2025-07-03 15:31:21,610 - INFO - Departamento criado com sucesso: {'_id': '6866cc79cc6d9f994c7507d1', 'name': 'Financeiro', 'location': 'Bloco B - 1º andar', 'description': 'Controle de contas, folha de pagamento e relatórios contábeis.', 'extension': 'FIN02', 'employee_ids': [], 'manager_id': '66f9d3e845fbc3b04a0d2ca0'}
2025-07-03 15:31:28,512 - INFO - Departamento criado com sucesso: {'_id': '6866cc80cc6d9f994c7507d2', 'name': 'Recursos Humanos', 'location': 'Bloco C - 3º andar', 'description': 'Gestão de pessoas, recrutamento, benefícios e treinamento.', 'extension': 'RH03', 'employee_ids': [], 'manager_id': '66f9d40045fbc3b04a0d2ca9'}
2025-07-03 15:31:37,380 - INFO - Departamento criado com sucesso: {'_id': '6866cc89cc6d9f994c7507d3', 'name': 'Marketing', 'location': 'Bloco D - 2º andar', 'description': 'Divulgação, branding, redes sociais e comunicação institucional.', 'extension': 'MKT04', 'employee_ids': [], 'manager_id': '66f9d41b45fbc3b04a0d2cb1'}
2025-07-03 15:31:43,527 - INFO - Departamento criado com sucesso: {'_id': '6866cc8fcc6d9f994c7507d4', 'name': 'Operações', 'location': 'Bloco E - Térreo', 'description': 'Coordena os processos operacionais da empresa.', 'extension': 'OP05', 'employee_ids': [], 'manager_id': '66f9d42e45fbc3b04a0d2cb9'}
2025-07-03 15:31:59,867 - INFO - 5 departamentos encontrados
2025-07-03 15:49:18,205 - INFO - 5 departamentos encontrados
2025-07-03 15:50:01,963 - INFO - 5 departamentos encontrados
2025-07-03 15:50:54,532 - INFO - Departamento criado com sucesso: {'_id': '6866d10e75241280b790d603', 'name': 'Manutenção', 'location': 'Bloco F - Subsolo', 'description': 'Responsável pela manutenção predial, elétrica e hidráulica.', 'extension': 'MTN06', 'employee_ids': [], 'manager_id': '66f9d45045fbc3b04a0d2cc2'}
2025-07-03 15:50:59,600 - INFO - Departamento criado com sucesso: {'_id': '6866d11375241280b790d604', 'name': 'Logística', 'location': 'Galpão 1', 'description': 'Gerencia o armazenamento, transporte e distribuição de produtos.', 'extension': 'LOG07', 'employee_ids': [], 'manager_id': '66f9d46a45fbc3b04a0d2ccb'}
2025-07-03 15:51:06,155 - INFO - Departamento criado com sucesso: {'_id': '6866d11a75241280b790d605', 'name': 'Comercial', 'location': 'Bloco G - 1º andar', 'description': 'Responsável pelas vendas, relacionamento com clientes e negociações.', 'extension': 'COM08', 'employee_ids': [], 'manager_id': '66f9d47e45fbc3b04a0d2cd4'}
2025-07-03 15:51:11,040 - INFO - Departamento criado com sucesso: {'_id': '6866d11f75241280b790d606', 'name': 'Jurídico', 'location': 'Bloco H - 4º andar', 'description': 'Assessoria legal, contratos, processos e conformidade regulatória.', 'extension': 'JUR09', 'employee_ids': [], 'manager_id': '66f9d49245fbc3b04a0d2cdd'}
2025-07-03 15:51:16,983 - INFO - Departamento criado com sucesso: {'_id': '6866d12475241280b790d607', 'name': 'Pesquisa e Desenvolvimento', 'location': 'Bloco I - Laboratório Central', 'description': 'Inovação de produtos, testes e desenvolvimento tecnológico.', 'extension': 'PD10', 'employee_ids': [], 'manager_id': '66f9d4a645fbc3b04a0d2ce6'}
2025-07-03 15:51:52,574 - INFO - 10 departamentos encontrados
2025-07-03 15:52:34,619 - INFO - 9 benefícios listados com sucesso.
2025-07-03 15:53:11,893 - INFO - Funcionário criado com sucesso: {'_id': '6866d19775241280b790d608', 'name': 'Lucas Oliveira', 'cpf': '12345678901', 'position': 'Desenvolvedor Backend', 'admission_date': datetime.datetime(2024, 1, 15, 9, 0), 'department_id': '6866cc6ecc6d9f994c7507d0', 'pay_rool_id': '707070707070707070707070', 'benefits_id': ['6866cb18cc6d9f994c7507c7', '6866cb3ecc6d9f994c7507c8', '6866cb44cc6d9f994c7507c9']}
2025-07-03 15:53:25,941 - INFO - Funcionário criado com sucesso: {'_id': '6866d1a575241280b790d609', 'name': 'Mariana Silva', 'cpf': '23456789012', 'position': 'Analista Financeiro', 'admission_date': datetime.datetime(2023, 3, 20, 8, 30), 'department_id': '6866cc79cc6d9f994c7507d1', 'pay_rool_id': '707070707070707070707071', 'benefits_id': ['6866cb18cc6d9f994c7507c7', '6866cb3ecc6d9f994c7507c8']}
2025-07-03 15:53:36,275 - INFO - Funcionário criado com sucesso: {'_id': '6866d1b075241280b790d60a', 'name': 'Carlos Mendes', 'cpf': '34567890123', 'position': 'Coordenador de RH', 'admission_date': datetime.datetime(2022, 8, 10, 10, 15), 'department_id': '6866cc80cc6d9f994c7507d2', 'pay_rool_id': '707070707070707070707072', 'benefits_id': ['6866cb18cc6d9f994c7507c7', '6866cb4acc6d9f994c7507ca', '6866cb51cc6d9f994c7507cb']}
2025-07-03 15:53:50,378 - INFO - Funcionário criado com sucesso: {'_id': '6866d1be75241280b790d60b', 'name': 'Ana Beatriz Costa', 'cpf': '45678901234', 'position': 'Especialista em Mídias Digitais', 'admission_date': datetime.datetime(2024, 5, 5, 9, 45), 'department_id': '6866cc89cc6d9f994c7507d3', 'pay_rool_id': '707070707070707070707073', 'benefits_id': ['6866cb3ecc6d9f994c7507c8', '6866cb8acc6d9f994c7507ce']}
2025-07-03 15:54:08,261 - INFO - Funcionário criado com sucesso: {'_id': '6866d1d075241280b790d60c', 'name': 'João Pedro Almeida', 'cpf': '56789012345', 'position': 'Supervisor de Operações', 'admission_date': datetime.datetime(2021, 11, 30, 7, 30), 'department_id': '6866cc8fcc6d9f994c7507d4', 'pay_rool_id': '707070707070707070707074', 'benefits_id': ['6866cb18cc6d9f994c7507c7', '6866cb3ecc6d9f994c7507c8', '6866cb51cc6d9f994c7507cb']}
2025-07-03 15:54:19,434 - INFO - Funcionário criado com sucesso: {'_id': '6866d1db75241280b790d60d', 'name': 'Fernanda Rocha', 'cpf': '67890123456', 'position': 'Técnica de Manutenção', 'admission_date': datetime.datetime(2022, 4, 18, 13, 0), 'department_id': '6866d10e75241280b790d603', 'pay_rool_id': '707070707070707070707075', 'benefits_id': ['6866cb91cc6d9f994c7507cf', '6866cb7fcc6d9f994c7507cc']}
2025-07-03 15:54:32,857 - INFO - Funcionário criado com sucesso: {'_id': '6866d1e875241280b790d60e', 'name': 'Rafael Souza', 'cpf': '78901234567', 'position': 'Assistente de Logística', 'admission_date': datetime.datetime(2023, 9, 1, 10, 0), 'department_id': '6866d11375241280b790d604', 'pay_rool_id': '707070707070707070707076', 'benefits_id': ['6866cb3ecc6d9f994c7507c8', '6866cb84cc6d9f994c7507cd']}
2025-07-03 15:54:41,726 - INFO - Funcionário criado com sucesso: {'_id': '6866d1f175241280b790d60f', 'name': 'Isabela Fernandes', 'cpf': '89012345678', 'position': 'Executiva de Contas', 'admission_date': datetime.datetime(2022, 2, 14, 8, 0), 'department_id': '6866d11a75241280b790d605', 'pay_rool_id': '707070707070707070707077', 'benefits_id': ['6866cb18cc6d9f994c7507c7', '6866cb3ecc6d9f994c7507c8', '6866cb8acc6d9f994c7507ce']}
2025-07-03 15:54:54,674 - INFO - Funcionário criado com sucesso: {'_id': '6866d1fe75241280b790d610', 'name': 'Vinícius Lima', 'cpf': '90123456789', 'position': 'Advogado Corporativo', 'admission_date': datetime.datetime(2023, 7, 12, 9, 30), 'department_id': '6866d11f75241280b790d606', 'pay_rool_id': '707070707070707070707078', 'benefits_id': ['6866cb18cc6d9f994c7507c7', '6866cb4acc6d9f994c7507ca', '6866cb51cc6d9f994c7507cb']}
2025-07-03 15:55:04,080 - INFO - Funcionário criado com sucesso: {'_id': '6866d20875241280b790d611', 'name': 'Larissa Martins', 'cpf': '01234567890', 'position': 'Pesquisadora de Produtos', 'admission_date': datetime.datetime(2024, 10, 3, 14, 0), 'department_id': '6866d12475241280b790d607', 'pay_rool_id': '707070707070707070707079', 'benefits_id': ['6866cb18cc6d9f994c7507c7', '6866cb44cc6d9f994c7507c9', '6866cb84cc6d9f994c7507cd']}
2025-07-03 15:55:14,122 - INFO - 3 funcionários encontrados
2025-07-03 15:56:49,886 - INFO - 0 funcionários encontrados com benefício ID 6866cb18cc6d9f994c7507c7
2025-07-03 16:01:26,293 - INFO - 0 funcionários encontrados com benefício ID 6866cb18cc6d9f994c7507c7
2025-07-03 16:03:53,502 - INFO - 9 benefícios listados com sucesso.
2025-07-03 16:04:14,876 - INFO - 0 funcionários encontrados com o benefício 6866cb91cc6d9f994c7507cf
2025-07-03 16:04:50,759 - INFO - Benefício recuperado com sucesso: {'_id': '6866cb91cc6d9f994c7507cf', 'name': 'Luvas de Proteção', 'description': 'Par de luvas de alta resistência para trabalhos manuais pesados.', 'value': 25.0, 'type': 'equipamento de proteção', 'active': True}
2025-07-03 16:05:03,149 - INFO - 10 funcionários encontrados
2025-07-03 16:05:25,401 - INFO - Benefício ID 6866cb18cc6d9f994c7507c7 deletado com sucesso.
2025-07-03 16:06:34,603 - INFO - 8 benefícios listados com sucesso.
2025-07-03 16:06:54,316 - INFO - Funcionário ID 6866d19775241280b790d608 atualizado com sucesso.
2025-07-03 16:07:08,236 - INFO - 0 funcionários encontrados com o benefício 6866cb44cc6d9f994c7507c9
2025-07-03 16:07:30,542 - INFO - Benefício recuperado com sucesso: {'_id': '6866cb44cc6d9f994c7507c9', 'name': 'Auxílio Home Office', 'description': 'Ajuda de custo mensal para despesas com internet e energia.', 'value': 120.0, 'type': 'benefício remoto', 'active': True}
2025-07-03 16:09:13,831 - INFO - 10 funcionários encontrados
2025-07-03 16:11:07,642 - INFO - 0 funcionários encontrados com o benefício 6866cb44cc6d9f994c7507c9
2025-07-03 16:13:37,832 - INFO - 0 funcionários encontrados com o benefício 6866cb44cc6d9f994c7507c9
2025-07-04 08:13:46,341 - INFO - 3 departamentos encontrados
2025-07-04 08:15:22,481 - WARNING - Funcionário com ID 6866cc6ecc6d9f994c7507d0 não encontrado.
2025-07-04 08:16:36,649 - INFO - 10 funcionários encontrados
2025-07-04 08:17:15,845 - INFO - Departamento ID 6866cc6ecc6d9f994c7507d0 atualizado com sucesso
2025-07-04 08:17:58,321 - WARNING - ID inválido: get_department_by_manager
2025-07-04 08:18:19,583 - INFO - 10 funcionários encontrados
2025-07-04 08:19:23,245 - WARNING - ID inválido: get_department_by_manager
2025-07-04 08:19:40,851 - INFO - Funcionário recuperado com sucesso: {'_id': '6866d19775241280b790d608', 'name': 'Lucas Oliveira', 'cpf': '12345678901', 'position': 'Desenvolvedor Backend', 'admission_date': datetime.datetime(2024, 1, 15, 9, 0), 'department_id': '6866cc6ecc6d9f994c7507d0', 'pay_rool_id': '707070707070707070707070', 'benefits_id': ['6866cb44cc6d9f994c7507c9']}
2025-07-04 08:20:17,944 - INFO - 0 departamentos encontrados com gerente ID 6866d19775241280b790d608
2025-07-04 08:21:46,042 - INFO - 0 departamentos encontrados com gerente ID 6866d19775241280b790d608
2025-07-04 08:23:54,013 - INFO - 0 departamentos encontrados com gerente ID 6866d19775241280b790d608
2025-07-04 08:26:16,861 - INFO - 1 departamentos encontrados com gerente ID 6866d19775241280b790d608
2025-07-04 08:28:59,291 - INFO - 1 departamentos encontrados com funcionário ID 6866d1a575241280b790d609
2025-07-04 08:44:17,496 - INFO - 10 departamentos encontrados
2025-07-04 08:44:56,562 - INFO - Funcionário recuperado com sucesso: {'_id': '6866d1a575241280b790d609', 'name': 'Mariana Silva', 'cpf': '23456789012', 'position': 'Analista Financeiro', 'admission_date': datetime.datetime(2023, 3, 20, 8, 30), 'department_id': '6866cc79cc6d9f994c7507d1', 'pay_rool_id': '707070707070707070707071', 'benefits_id': ['6866cb18cc6d9f994c7507c7', '6866cb3ecc6d9f994c7507c8']}
2025-07-04 08:45:25,200 - WARNING - Benefício com ID 6866cb18cc6d9f994c7507c7 não encontrado.
2025-07-04 08:45:38,314 - INFO - 8 benefícios listados com sucesso.
2025-07-04 08:45:52,734 - INFO - Benefício recuperado com sucesso: {'_id': '6866cb3ecc6d9f994c7507c8', 'name': 'Vale Refeição', 'description': 'Crédito diário para alimentação em restaurantes e lanchonetes.', 'value': 22.0, 'type': 'benefício alimentação', 'active': True}
2025-07-04 08:48:13,181 - INFO - Funcionário recuperado com sucesso: {'_id': '6866d1a575241280b790d609', 'name': 'Mariana Silva', 'cpf': '23456789012', 'position': 'Analista Financeiro', 'admission_date': datetime.datetime(2023, 3, 20, 8, 30), 'department_id': '6866cc79cc6d9f994c7507d1', 'pay_rool_id': '707070707070707070707071', 'benefits_id': ['6866cb18cc6d9f994c7507c7', '6866cb3ecc6d9f994c7507c8']}
2025-07-04 08:49:16,024 - INFO - Funcionário ID 6866d1a575241280b790d609 atualizado com sucesso.
2025-07-04 08:49:49,672 - INFO - 0 funcionários encontrados com o benefício 6866cb3ecc6d9f994c7507c8 no departamento 6866cc6ecc6d9f994c7507d0
2025-07-04 08:52:07,339 - INFO - 0 funcionários encontrados com o benefício 6866cb3ecc6d9f994c7507c8 no departamento 6866cc6ecc6d9f994c7507d0
2025-07-04 09:12:02,053 - INFO - 10 funcionários encontrados
2025-07-04 09:12:20,748 - INFO - 0 benefícios encontrados para o funcionário 6866d1a575241280b790d609
2025-07-04 09:20:14,423 - INFO - 10 departamentos encontrados
2025-07-04 09:20:27,524 - INFO - 1 departamentos encontrados com funcionário ID 6866d1a575241280b790d609
2025-07-04 09:21:42,213 - INFO - 10 funcionários encontrados
2025-07-04 09:22:01,488 - INFO - Funcionário recuperado com sucesso: {'_id': '6866d19775241280b790d608', 'name': 'Lucas Oliveira', 'cpf': '12345678901', 'position': 'Desenvolvedor Backend', 'admission_date': datetime.datetime(2024, 1, 15, 9, 0), 'department_id': '6866cc6ecc6d9f994c7507d0', 'pay_rool_id': '707070707070707070707070', 'benefits_id': ['6866cb44cc6d9f994c7507c9']}
2025-07-04 09:22:11,103 - INFO - 1 benefícios encontrados para o funcionário 6866d19775241280b790d608
2025-07-04 09:26:02,581 - INFO - 10 departamentos encontrados
2025-07-04 09:26:42,746 - INFO - Funcionário recuperado com sucesso: {'_id': '6866d1a575241280b790d609', 'name': 'Mariana Silva', 'cpf': '23456789012', 'position': 'Analista Financeiro', 'admission_date': datetime.datetime(2023, 3, 20, 8, 30), 'department_id': '6866cc79cc6d9f994c7507d1', 'pay_rool_id': '707070707070707070707071', 'benefits_id': ['6866cb3ecc6d9f994c7507c8']}
2025-07-04 09:27:28,752 - INFO - 0 funcionários encontrados com benefício 6866cb3ecc6d9f994c7507c8 no departamento 6866cc6ecc6d9f994c7507d0
2025-07-04 14:19:40,136 - INFO - 10 departamentos encontrados
2025-07-04 14:20:11,360 - INFO - Funcionário recuperado com sucesso: {'_id': '6866d1a575241280b790d609', 'name': 'Mariana Silva', 'cpf': '23456789012', 'position': 'Analista Financeiro', 'admission_date': datetime.datetime(2023, 3, 20, 8, 30), 'department_id': '6866cc79cc6d9f994c7507d1', 'pay_rool_id': '707070707070707070707071', 'benefits_id': ['6866cb3ecc6d9f994c7507c8']}
2025-07-04 14:20:25,678 - INFO - Benefício recuperado com sucesso: {'_id': '6866cb3ecc6d9f994c7507c8', 'name': 'Vale Refeição', 'description': 'Crédito diário para alimentação em restaurantes e lanchonetes.', 'value': 22.0, 'type': 'benefício alimentação', 'active': True}
2025-07-04 14:21:03,664 - INFO - 0 funcionários encontrados com benefício 6866cb3ecc6d9f994c7507c8 no departamento 6866cc6ecc6d9f994c7507d0
2025-07-04 14:25:14,460 - INFO - 10 departamentos encontrados
2025-07-04 14:25:48,211 - WARNING - Nenhum funcionário encontrado no departamento ID 6866cc6ecc6d9f994c7507d0
2025-07-04 14:26:00,917 - INFO - 10 departamentos encontrados
2025-07-04 14:26:20,917 - WARNING - Nenhum funcionário encontrado no departamento ID 6866cc6ecc6d9f994c7507d0
2025-07-04 14:27:22,104 - INFO - 10 funcionários encontrados
2025-07-04 14:29:12,271 - INFO - 10 departamentos encontrados
2025-07-04 14:29:43,104 - INFO - Funcionário ID 6866d1a575241280b790d609 atualizado com sucesso.
2025-07-04 14:30:07,627 - WARNING - ID inválido fornecido: 866d12475241280b790d607
2025-07-04 14:30:34,219 - WARNING - ID inválido: 866d12475241280b790d607
2025-07-04 14:31:11,279 - INFO - 8 benefícios listados com sucesso.
2025-07-04 14:31:22,876 - INFO - 10 departamentos encontrados
2025-07-06 16:22:51,036 - INFO - 8 benefícios listados com sucesso.
2025-07-06 16:23:10,978 - INFO - 10 departamentos encontrados
2025-07-06 16:25:11,333 - INFO - 10 funcionários encontrados
2025-07-06 16:25:59,966 - INFO - 11 funcionários encontrados
2025-07-06 16:26:37,742 - INFO - 10 departamentos encontrados
2025-07-06 16:27:16,166 - INFO - Funcionário recuperado com sucesso: {'_id': '686acd86fbfeb6abdbbeb52e', 'name': 'string', 'cpf': 'string', 'position': 'string', 'admission_date': datetime.datetime(2025, 7, 6, 19, 23, 27, 886000), 'department_id': '6866cc6ecc6d9f994c7507d0', 'pay_rool_id': 'string', 'benefits_id': ['6866cb3ecc6d9f994c7507c8']}
2025-07-06 16:41:48,928 - INFO - 11 funcionários encontrados
2025-07-06 16:44:47,290 - INFO - 10 funcionários encontrados
2025-07-06 16:45:22,556 - INFO - 8 benefícios listados com sucesso.
2025-07-06 16:52:00,561 - INFO - Funcionário recuperado com sucesso: {'_id': '6866d1b075241280b790d60a', 'name': 'Carlos Mendes', 'cpf': '34567890123', 'position': 'Coordenador de RH', 'admission_date': datetime.datetime(2022, 8, 10, 10, 15), 'department_id': '6866cc6ecc6d9f994c7507d0', 'pay_rool_id': '707070707070707070707072', 'benefits_id': ['6866cb3ecc6d9f994c7507c8']}
2025-07-06 16:55:50,576 - INFO - Funcionário recuperado com sucesso: {'_id': '6866d1a575241280b790d609', 'name': 'Mariana Silva', 'cpf': '23456789012', 'position': 'Analista Financeiro', 'admission_date': datetime.datetime(2023, 3, 20, 8, 30), 'department_id': '866d12475241280b790d607', 'pay_rool_id': '707070707070707070707071', 'benefits_id': ['6866cb3ecc6d9f994c7507c8']}
2025-07-06 16:56:21,363 - INFO - 0 funcionários encontrados com benefício 6866cb3ecc6d9f994c7507c8 no departamento 6866cc6ecc6d9f994c7507d0
2025-07-06 16:58:21,147 - INFO - 0 funcionários encontrados com benefício 6866cb3ecc6d9f994c7507c8 no departamento 6866cc6ecc6d9f994c7507d0
2025-07-06 16:58:37,235 - INFO - 0 funcionários encontrados com benefício 6866cb3ecc6d9f994c7507c8 no departamento 6866cc6ecc6d9f994c7507d0
2025-07-06 16:59:12,088 - INFO - 10 funcionários encontrados
2025-07-06 17:02:17,210 - INFO - 0 funcionários encontrados com benefício 6866cb3ecc6d9f994c7507c8 no departamento 6866d10e75241280b790d603
2025-07-06 17:02:40,765 - WARNING - Nenhum funcionário encontrado no departamento ID 6866cb3ecc6d9f994c7507c8
2025-07-06 17:02:54,064 - WARNING - Nenhum funcionário encontrado no departamento ID 6866d10e75241280b790d603
2025-07-06 17:04:02,141 - WARNING - Nenhum funcionário encontrado no departamento ID 6866d10e75241280b790d603
2025-07-06 17:11:42,838 - INFO - 11 funcionários encontrados
2025-07-06 17:12:29,886 - INFO - 8 benefícios listados com sucesso.
2025-07-06 17:13:31,453 - WARNING - Departamento não encontrado: 686ad8647e681f73c621a4e8
2025-07-06 17:13:48,388 - INFO - 0 funcionários encontrados com benefício 6866cb51cc6d9f994c7507cb no departamento 6866d11f75241280b790d606
2025-07-06 17:17:09,078 - INFO - 10 departamentos encontrados
2025-07-06 17:17:29,485 - WARNING - Nenhum funcionário encontrado no departamento ID 66f9d49245fbc3b04a0d2cdd
2025-07-06 17:17:47,646 - WARNING - Departamento ID 66f9d49245fbc3b04a0d2cdd não encontrado
2025-07-06 17:17:47,647 - ERROR - Erro ao buscar departamento ID 66f9d49245fbc3b04a0d2cdd
Traceback (most recent call last):
  File "C:\Users\fpaul\Documents\GitHub\Persistencia-TP3\app\routers\DepartmentRouter.py", line 145, in get_department
    raise HTTPException(status_code=404, detail="Departamento não encontrado")
fastapi.exceptions.HTTPException: 404: Departamento não encontrado
2025-07-06 17:17:57,059 - INFO - 10 departamentos encontrados
2025-07-06 17:18:25,020 - INFO - Funcionário recuperado com sucesso: {'_id': '6866d1a575241280b790d609', 'name': 'Mariana Silva', 'cpf': '23456789012', 'position': 'Analista Financeiro', 'admission_date': datetime.datetime(2023, 3, 20, 8, 30), 'department_id': '866d12475241280b790d607', 'pay_rool_id': '707070707070707070707071', 'benefits_id': ['6866cb3ecc6d9f994c7507c8']}
2025-07-06 17:18:54,187 - INFO - 11 funcionários encontrados
2025-07-06 17:19:13,748 - INFO - 1 departamentos encontrados com funcionário ID 686ad8647e681f73c621a4e8
2025-07-06 19:17:49,190 - INFO - 10 departamentos encontrados
2025-07-06 19:17:52,914 - INFO - 10 departamentos encontrados
2025-07-06 19:18:23,303 - INFO - Funcionário recuperado com sucesso: {'_id': '686ad8647e681f73c621a4e8', 'name': 'Isabela M. Fernandes', 'cpf': '89012345678', 'position': 'Gerente de Contas', 'admission_date': datetime.datetime(2022, 2, 14, 8, 0), 'department_id': '6866d11f75241280b790d606', 'pay_rool_id': '707070707070707070707077', 'benefits_id': ['6866cb51cc6d9f994c7507cb']}
2025-07-06 19:19:03,120 - INFO - 1 funcionários tiveram o campo department_id removido
2025-07-06 19:19:03,129 - INFO - Departamento ID 6866d12475241280b790d607 deletado com sucesso
2025-07-06 19:19:34,620 - INFO - 11 funcionários encontrados
2025-07-06 19:37:46,302 - INFO - Benefício criado com sucesso: {'_id': '686afaba24f2c56fb436b147', 'name': 'Vale Refeição', 'description': 'Crédito diário para alimentação em restaurantes e lanchonetes.', 'value': 25.0, 'type': 'benefício alimentação', 'active': True}
2025-07-06 19:37:54,354 - INFO - Benefício criado com sucesso: {'_id': '686afac224f2c56fb436b148', 'name': 'Auxílio Home Office', 'description': 'Ajuda de custo mensal para despesas com internet e energia.', 'value': 120.0, 'type': 'benefício remoto', 'active': True}
2025-07-06 19:38:00,113 - INFO - Benefício criado com sucesso: {'_id': '686afac824f2c56fb436b149', 'name': 'Bolsa de Estudos', 'description': 'Subsídio mensal para cursos de graduação ou pós-graduação.', 'value': 500.0, 'type': 'benefício educação', 'active': False}
2025-07-06 19:38:05,914 - INFO - Benefício criado com sucesso: {'_id': '686afacd24f2c56fb436b14a', 'name': 'Plano de Saúde', 'description': 'Cobertura médica nacional com coparticipação reduzida.', 'value': 350.0, 'type': 'benefício saúde', 'active': True}
2025-07-06 19:38:11,757 - INFO - Benefício criado com sucesso: {'_id': '686afad324f2c56fb436b14b', 'name': 'Bônus de Desempenho Trimestral', 'description': 'Valor variável pago conforme metas atingidas.', 'value': 1000.0, 'type': 'recompensa', 'active': True}
2025-07-06 19:38:17,992 - INFO - Benefício criado com sucesso: {'_id': '686afad924f2c56fb436b14c', 'name': 'Vale Transporte', 'description': 'Cobertura de gastos com deslocamento residência-trabalho.', 'value': 150.0, 'type': 'benefício transporte', 'active': True}
2025-07-06 19:38:22,909 - INFO - Benefício criado com sucesso: {'_id': '686afade24f2c56fb436b14d', 'name': 'Kit de Ergonomia', 'description': 'Kit com cadeira ajustável, apoio para pés e suporte para notebook.', 'value': 300.0, 'type': 'benefício ocupacional', 'active': True}
2025-07-06 19:38:35,159 - INFO - Benefício criado com sucesso: {'_id': '686afaeb24f2c56fb436b14e', 'name': 'Gympass Corporativo', 'description': 'Acesso a academias, estúdios e atividades físicas com subsídio da empresa.', 'value': 90.0, 'type': 'benefício saúde', 'active': True}
2025-07-06 19:38:39,515 - INFO - Benefício criado com sucesso: {'_id': '686afaef24f2c56fb436b14f', 'name': 'Auxílio Creche', 'description': 'Reembolso mensal para despesas com creche ou pré-escola.', 'value': 300.0, 'type': 'benefício familiar', 'active': True}
2025-07-06 19:38:43,997 - INFO - Benefício criado com sucesso: {'_id': '686afaf324f2c56fb436b150', 'name': 'Vale Cultura', 'description': 'Crédito mensal para uso em cinemas, teatros, livros e eventos culturais.', 'value': 50.0, 'type': 'benefício educação', 'active': False}
2025-07-06 19:38:48,216 - INFO - Benefício criado com sucesso: {'_id': '686afaf824f2c56fb436b151', 'name': 'Seguro de Vida', 'description': 'Cobertura de vida e invalidez para colaboradores e dependentes.', 'value': 200.0, 'type': 'benefício segurança', 'active': True}
2025-07-06 19:38:52,853 - INFO - Benefício criado com sucesso: {'_id': '686afafc24f2c56fb436b152', 'name': 'Auxílio Psicológico', 'description': 'Atendimento psicológico com profissionais credenciados.', 'value': 180.0, 'type': 'benefício saúde mental', 'active': True}
2025-07-06 19:38:57,581 - INFO - Benefício criado com sucesso: {'_id': '686afb0124f2c56fb436b153', 'name': 'Sessão de Fisioterapia Ocupacional', 'description': 'Prevenção e tratamento de doenças ocupacionais como LER e DORT.', 'value': 80.0, 'type': 'benefício ocupacional', 'active': True}
2025-07-06 19:39:03,226 - INFO - Benefício criado com sucesso: {'_id': '686afb0724f2c56fb436b154', 'name': 'Auxílio Mobilidade', 'description': 'Valor mensal para quem opta por ir ao trabalho de bicicleta ou a pé.', 'value': 100.0, 'type': 'benefício transporte alternativo', 'active': True}
2025-07-06 19:39:07,175 - INFO - Benefício criado com sucesso: {'_id': '686afb0b24f2c56fb436b155', 'name': 'Kit de Higiene Pessoal', 'description': 'Kit com álcool em gel, máscaras e produtos de higiene para uso no trabalho.', 'value': 40.0, 'type': 'benefício saúde', 'active': True}
2025-07-06 19:39:12,732 - INFO - 10 benefícios listados com sucesso.
2025-07-06 19:42:10,472 - INFO - Departamento criado com sucesso: {'_id': '686afbc224f2c56fb436b156', 'name': 'Inovação Tecnológica', 'location': 'Bloco J - 3º andar', 'description': 'Departamento responsável por pesquisa, testes e implementação de novas tecnologias.', 'extension': 'IT11', 'employee_ids': [], 'manager_id': ''}
2025-07-06 19:42:56,671 - INFO - 10 benefícios listados com sucesso.
2025-07-06 19:42:59,722 - INFO - 15 benefícios listados com sucesso.
2025-07-06 19:44:10,648 - INFO - 1 departamentos encontrados
2025-07-06 19:46:42,352 - INFO - 1 departamentos encontrados
2025-07-06 19:47:31,940 - INFO - Departamento ID 686afbc224f2c56fb436b156 atualizado com sucesso
2025-07-06 19:47:53,035 - INFO - 1 departamentos encontrados com funcionário ID 686afcbf24f2c56fb436b159
2025-07-06 19:48:02,327 - INFO - 1 departamentos encontrados com gerente ID 686afcbf24f2c56fb436b159
2025-07-06 19:51:20,940 - INFO - 0 funcionários encontrados com benefício 686afb0b24f2c56fb436b155 no departamento 686afbc224f2c56fb436b156
2025-07-06 19:52:07,446 - INFO - 3 funcionários encontrados
2025-07-06 19:52:41,144 - INFO - 1 departamentos encontrados com funcionário ID 686afc4c24f2c56fb436b157
2025-07-06 19:54:03,742 - INFO - 1 departamentos encontrados
2025-07-06 19:54:17,033 - WARNING - Nenhum funcionário encontrado no departamento ID 686afbc224f2c56fb436b156
2025-07-06 19:55:05,533 - WARNING - Nenhum funcionário encontrado no departamento 686afbc224f2c56fb436b156
2025-07-06 19:55:05,534 - ERROR - Erro ao buscar funcionários por departamento 686afbc224f2c56fb436b156: 404: Nenhum funcionário encontrado nesse departamento
Traceback (most recent call last):
  File "C:\Users\fpaul\Documents\GitHub\Persistencia-TP3\app\routers\EmployeeRouter.py", line 224, in get_by_department
    raise HTTPException(status_code=404, detail="Nenhum funcionário encontrado nesse departamento")
fastapi.exceptions.HTTPException: 404: Nenhum funcionário encontrado nesse departamento
2025-07-06 19:56:58,935 - INFO - 3 funcionários encontrados no departamento 686afbc224f2c56fb436b156
2025-07-06 20:00:18,371 - INFO - 1 departamentos encontrados
2025-07-06 20:00:28,179 - WARNING - Benefício não encontrado: 686afaba24f2c56fb436b147
2025-07-06 20:00:52,566 - INFO - 1 departamentos encontrados
2025-07-06 20:01:23,938 - INFO - Funcionário recuperado com sucesso: {'_id': '686afc4c24f2c56fb436b157', 'name': 'Amanda Oliveira', 'cpf': '12345678901', 'position': 'Analista de Inovação', 'admission_date': datetime.datetime(2023, 3, 15, 9, 0), 'department_id': '686afbc224f2c56fb436b156', 'pay_rool_id': '707070707070707070707011', 'benefits_id': ['686afaba24f2c56fb436b147', '686afac224f2c56fb436b148', '686afade24f2c56fb436b14d']}
2025-07-06 20:01:41,628 - INFO - Benefício recuperado com sucesso: {'_id': '686afac224f2c56fb436b148', 'name': 'Auxílio Home Office', 'description': 'Ajuda de custo mensal para despesas com internet e energia.', 'value': 120.0, 'type': 'benefício remoto', 'active': True}
2025-07-06 20:01:47,374 - WARNING - Benefício não encontrado: 686afac224f2c56fb436b148
2025-07-06 20:02:04,048 - WARNING - Benefício não encontrado: 686afac224f2c56fb436b148
2025-07-06 20:03:04,694 - INFO - 2 funcionários encontrados com benefício 686afac224f2c56fb436b148
2025-07-06 20:08:05,700 - INFO - 1 departamentos encontrados
2025-07-06 20:10:14,983 - INFO - 1 departamentos encontrados
2025-07-07 08:29:23,783 - INFO - 10 benefícios listados com sucesso.
2025-07-07 08:41:01,064 - INFO - Benefício recuperado com sucesso: {'_id': '686afaba24f2c56fb436b147', 'name': 'Vale Refeição', 'description': 'Crédito diário para alimentação em restaurantes e lanchonetes.', 'value': 25.0, 'type': 'benefício alimentação', 'active': True}
2025-07-07 08:41:14,691 - INFO - 2 funcionários atualizados (benefício removido)
2025-07-07 08:41:14,697 - INFO - Benefício ID 686afaba24f2c56fb436b147 deletado com sucesso.
2025-07-07 08:41:21,958 - INFO - 10 benefícios listados com sucesso.
2025-07-07 08:41:44,562 - INFO - 3 funcionários encontrados
2025-07-07 08:42:37,968 - INFO - Benefício recuperado com sucesso: {'_id': '686afade24f2c56fb436b14d', 'name': 'Kit de Ergonomia', 'description': 'Kit com cadeira ajustável, apoio para pés e suporte para notebook.', 'value': 300.0, 'type': 'benefício ocupacional', 'active': True}
2025-07-07 08:42:50,039 - INFO - 1 funcionários encontrados com benefício 686afade24f2c56fb436b14d
2025-07-07 08:45:04,952 - INFO - 1 departamentos encontrados
2025-07-23 09:28:40,522 - INFO - 3 funcionários encontrados
2025-07-23 09:37:46,022 - INFO - Benefício de funcionário criado com sucesso: {'_id': '6880d799b2db58d56e068468', 'employee_id': '686afc4c24f2c56fb436b157', 'benefit_id': '686afac224f2c56fb436b148', 'start_date': '2023-03-15', 'end_date': '2024-03-14', 'custom_amount': 300.0}
2025-07-23 09:37:55,771 - INFO - Benefício de funcionário criado com sucesso: {'_id': '6880d7a3b2db58d56e068469', 'employee_id': '686afc4c24f2c56fb436b157', 'benefit_id': '686afade24f2c56fb436b14d', 'start_date': '2023-03-15', 'end_date': '2024-03-14', 'custom_amount': 150.0}
2025-07-23 09:38:04,101 - INFO - Benefício de funcionário criado com sucesso: {'_id': '6880d7acb2db58d56e06846a', 'employee_id': '686afc7c24f2c56fb436b158', 'benefit_id': '686afac224f2c56fb436b148', 'start_date': '2024-08-01', 'end_date': '2025-08-01', 'custom_amount': 320.0}
2025-07-23 09:38:12,823 - INFO - Benefício de funcionário criado com sucesso: {'_id': '6880d7b4b2db58d56e06846b', 'employee_id': '686afc7c24f2c56fb436b158', 'benefit_id': '686afaeb24f2c56fb436b14e', 'start_date': '2024-08-01', 'end_date': '2025-08-01', 'custom_amount': 180.0}
2025-07-23 09:38:19,814 - INFO - Benefício de funcionário criado com sucesso: {'_id': '6880d7bbb2db58d56e06846c', 'employee_id': '686afc7c24f2c56fb436b158', 'benefit_id': '686afaf824f2c56fb436b151', 'start_date': '2024-08-01', 'end_date': '2025-08-01', 'custom_amount': 200.0}
2025-07-23 09:38:27,966 - INFO - Benefício de funcionário criado com sucesso: {'_id': '6880d7c3b2db58d56e06846d', 'employee_id': '686afcbf24f2c56fb436b159', 'benefit_id': '686afafc24f2c56fb436b152', 'start_date': '2025-01-20', 'end_date': '2026-01-19', 'custom_amount': 250.0}
2025-07-23 09:38:35,737 - INFO - Benefício de funcionário criado com sucesso: {'_id': '6880d7cbb2db58d56e06846e', 'employee_id': '686afcbf24f2c56fb436b159', 'benefit_id': '686afb0b24f2c56fb436b155', 'start_date': '2025-01-20', 'end_date': '2026-01-19', 'custom_amount': 170.0}
2025-07-23 09:44:06,113 - INFO - Retornando benefícios de funcionário com sucesso
2025-07-23 09:47:04,427 - INFO - Folha de pagamento criada com sucesso: {'_id': '6880d9c8b2db58d56e06846f', 'employee_id': '686afc4c24f2c56fb436b157', 'deductions': 500.0, 'discount': 100.0, 'net_salary': 5400.0, 'reference_month': '2023-03'}
2025-07-23 09:47:14,806 - INFO - Folha de pagamento criada com sucesso: {'_id': '6880d9d2b2db58d56e068470', 'employee_id': '686afc7c24f2c56fb436b158', 'deductions': 650.0, 'discount': 200.0, 'net_salary': 7200.0, 'reference_month': '2024-08'}
2025-07-23 09:47:25,663 - INFO - Folha de pagamento criada com sucesso: {'_id': '6880d9ddb2db58d56e068471', 'employee_id': '686afcbf24f2c56fb436b159', 'deductions': 400.0, 'discount': 50.0, 'net_salary': 4800.0, 'reference_month': '2025-01'}
2025-07-23 09:47:41,999 - INFO - Retornando folhas de pagamento com sucesso
2025-07-23 09:52:11,647 - INFO - 3 funcionários encontrados
2025-07-23 10:04:12,575 - INFO - Retornando benefícios de funcionário com sucesso
2025-07-23 10:04:26,035 - WARNING - O ID 6880d7c3b2db58d56e06846d6880d7a3b2db58d56e068469 não representa um benefício de funcionário
2025-07-23 10:04:47,038 - INFO - Retornando folhas de pagamento com sucesso
2025-07-23 10:05:40,454 - INFO - Funcionário recuperado com sucesso: {'_id': '686afc4c24f2c56fb436b157', 'name': 'Amanda Oliveira', 'cpf': '12345678901', 'position': 'Analista de Inovação', 'admission_date': datetime.datetime(2023, 3, 15, 9, 0), 'department_id': '686afbc224f2c56fb436b156', 'pay_rool_id': '707070707070707070707011', 'benefits_id': ['686afac224f2c56fb436b148', '686afade24f2c56fb436b14d']}
2025-07-23 10:07:51,414 - INFO - Funcionário recuperado com sucesso: {'_id': '686afc7c24f2c56fb436b158', 'name': 'Carlos Mendes', 'cpf': '23456789012', 'position': 'Engenheiro de Software', 'admission_date': datetime.datetime(2024, 8, 1, 10, 30), 'department_id': '686afbc224f2c56fb436b156', 'pay_rool_id': '707070707070707070707012', 'benefits_id': ['686afac224f2c56fb436b148', '686afaeb24f2c56fb436b14e', '686afaf824f2c56fb436b151']}
2025-07-23 10:56:19,650 - INFO - 3 funcionários encontrados
2025-07-23 10:56:38,189 - INFO - Perfil completo do funcionário 686afc4c24f2c56fb436b157 recuperado com sucesso
2025-07-23 11:01:13,451 - INFO - Perfil completo do funcionário 686afc4c24f2c56fb436b157 recuperado com sucesso
2025-08-05 22:32:04,937 - INFO - 2 posts encontrados
2025-08-05 22:32:45,707 - INFO - 4 tags listadas com sucesso.
2025-08-05 22:39:34,541 - WARNING - ID inválido fornecido: count
2025-08-05 22:40:05,933 - WARNING - ID inválido fornecido: count
2025-08-05 22:40:51,976 - INFO - 2 posts encontrados
2025-08-05 22:43:27,981 - INFO - Total de tags: 4
2025-08-05 23:00:17,942 - INFO - Estatísticas geradas com sucesso: {'total_posts': 2, 'total_comments': 1, 'most_popular_category': None}
2025-08-05 23:03:05,530 - INFO - Estatísticas geradas com sucesso: {'total_posts': 2, 'total_comments': 1, 'most_popular_category': {'post_count': 1, 'category_name': 'Tecnologia'}}
2025-08-05 23:20:05,005 - INFO - Estatísticas geradas com sucesso: {'total_posts': 50, 'total_comments': 200, 'most_popular_category': {'post_count': 13, 'category_name': 'Sed'}}
2025-08-05 23:20:29,624 - INFO - 5 categorias encontradas
2025-08-05 23:37:53,987 - INFO - 9 posts encontrados
2025-08-05 23:44:59,075 - INFO - 9 posts encontrados
2025-08-05 23:45:00,905 - INFO - 9 posts encontrados
2025-08-05 23:51:04,254 - INFO - 10 posts encontrados
2025-08-05 23:51:19,615 - INFO - 15 posts encontrados
2025-08-05 23:51:20,969 - INFO - 15 posts encontrados
2025-08-05 23:52:58,611 - INFO - 3 categorias encontradas
2025-08-05 23:53:59,175 - INFO - 3 categorias encontradas
